<?xml version="1.0" encoding="UTF-8"?>
<testng-results skipped="0" failed="0" ignored="0" total="1" passed="1">
  <reporter-output>
  </reporter-output>
  <suite name="Default suite" duration-ms="50" started-at="2020-05-19T18:01:14 EDT" finished-at="2020-05-19T18:01:14 EDT">
    <groups>
    </groups>
    <test name="Default test" duration-ms="50" started-at="2020-05-19T18:01:14 EDT" finished-at="2020-05-19T18:01:14 EDT">
      <class name="tests.TestNgTest">
        <test-method status="PASS" signature="hello()[pri:0, instance:tests.TestNgTest@57536d79]" name="hello" duration-ms="10" started-at="2020-05-19T18:01:14 EDT" finished-at="2020-05-19T18:01:14 EDT">
          <reporter-output>
          </reporter-output>
        </test-method> <!-- hello -->
      </class> <!-- tests.TestNgTest -->
    </test> <!-- Default test -->
  </suite> <!-- Default suite -->
</testng-results>
